app/build/outputs/logs/manifest-merger-debug-report.txt
-- Merging decision tree log ---
manifest
ADDED from src\main\AndroidManifest.xml:2:1-65:12
	xmlns:android
		ADDED from src\main\AndroidManifest.xml:2:11-69
	package
		ADDED from src\main\AndroidManifest.xml:3:2-26
		INJECTED from src\main\AndroidManifest.xml
		INJECTED from src\main\AndroidManifest.xml
	android:versionName
		ADDED from src\main\AndroidManifest.xml:6:2-27
		INJECTED from src\main\AndroidManifest.xml
		INJECTED from src\main\AndroidManifest.xml
	android:versionCode
		ADDED from src\main\AndroidManifest.xml:5:2-25
		INJECTED from src\main\AndroidManifest.xml
		INJECTED from src\main\AndroidManifest.xml
	android:installLocation
		ADDED from src\main\AndroidManifest.xml:4:2-32
uses-sdk
ADDED from src\main\AndroidManifest.xml:8:2-10:35
	android:targetSdkVersion
		ADDED from src\main\AndroidManifest.xml:10:3-32
		INJECTED from src\main\AndroidManifest.xml
		INJECTED from src\main\AndroidManifest.xml
	android:minSdkVersion
		ADDED from src\main\AndroidManifest.xml:9:3-29
		INJECTED from src\main\AndroidManifest.xml
		INJECTED from src\main\AndroidManifest.xml
uses-feature#0x00010001
ADDED from src\main\AndroidManifest.xml:12:2-14:29
	android:required
		ADDED from src\main\AndroidManifest.xml:14:3-26
	android:glEsVersion
		ADDED from src\main\AndroidManifest.xml:13:3-35
uses-permission#android.permission.WRITE_EXTERNAL_STORAGE
ADDED from src\main\AndroidManifest.xml:16:2-78
	android:name
		ADDED from src\main\AndroidManifest.xml:16:19-75
uses-permission#android.permission.READ_EXTERNAL_STORAGE
ADDED from src\main\AndroidManifest.xml:17:2-77
	android:name
		ADDED from src\main\AndroidManifest.xml:17:19-74
uses-permission#android.permission.INTERNET
ADDED from src\main\AndroidManifest.xml:18:2-64
	android:name
		ADDED from src\main\AndroidManifest.xml:18:19-61
application
ADDED from src\main\AndroidManifest.xml:20:2-63:16
	android:label
		ADDED from src\main\AndroidManifest.xml:23:3-29
	android:icon
		ADDED from src\main\AndroidManifest.xml:22:3-32
	android:theme
		ADDED from src\main\AndroidManifest.xml:25:3-50
	android:largeHeap
		ADDED from src\main\AndroidManifest.xml:24:3-27
	android:name
		ADDED from src\main\AndroidManifest.xml:21:3-38
activity#the.pdfviewerx.PdfActivity
ADDED from src\main\AndroidManifest.xml:26:3-52:14
	android:configChanges
		ADDED from src\main\AndroidManifest.xml:28:4-54
	android:name
		ADDED from src\main\AndroidManifest.xml:27:4-45
intent-filter#android.intent.action.VIEW+android.intent.category.BROWSABLE+android.intent.category.DEFAULT
ADDED from src\main\AndroidManifest.xml:29:4-36:20
action#android.intent.action.VIEW
ADDED from src\main\AndroidManifest.xml:30:5-57
	android:name
		ADDED from src\main\AndroidManifest.xml:30:13-54
category#android.intent.category.DEFAULT
ADDED from src\main\AndroidManifest.xml:32:5-64
	android:name
		ADDED from src\main\AndroidManifest.xml:32:15-61
category#android.intent.category.BROWSABLE
ADDED from src\main\AndroidManifest.xml:33:5-66
	android:name
		ADDED from src\main\AndroidManifest.xml:33:15-63
data
ADDED from src\main\AndroidManifest.xml:35:5-48
	android:mimeType
		ADDED from src\main\AndroidManifest.xml:35:11-45
activity#the.pdfviewerx.PdflistActivity
ADDED from src\main\AndroidManifest.xml:53:3-62:14
	android:label
		ADDED from src\main\AndroidManifest.xml:56:4-30
	android:configChanges
		ADDED from src\main\AndroidManifest.xml:55:4-54
	android:name
		ADDED from src\main\AndroidManifest.xml:54:4-49
intent-filter#android.intent.action.MAIN+android.intent.category.LAUNCHER
ADDED from src\main\AndroidManifest.xml:57:4-61:20
action#android.intent.action.MAIN
ADDED from src\main\AndroidManifest.xml:58:5-57
	android:name
		ADDED from src\main\AndroidManifest.xml:58:13-54
category#android.intent.category.LAUNCHER
ADDED from src\main\AndroidManifest.xml:60:5-65
	android:name
		ADDED from src\main\AndroidManifest.xml:60:15-62